Using pre-set license

 COMMAND LINE ARGUMENTS:
/Applications/2020.3.0f1/Unity.app/Contents/MacOS/Unity
-adb2
-batchMode
-noUpm
-name
AssetImportWorker0
-projectPath
/Users/elfo/LocalDocuments/ENSIIE/COON/real-fruit-ninja/Real_Fruit_Ninja
-logFile
Logs/AssetImportWorker0.log
-srvPort
57873
Successfully changed project path to: /Users/elfo/LocalDocuments/ENSIIE/COON/real-fruit-ninja/Real_Fruit_Ninja
/Users/elfo/LocalDocuments/ENSIIE/COON/real-fruit-ninja/Real_Fruit_Ninja
Using Asset Import Pipeline V2.
Refreshing native plugins compatible for Editor in 20.19 ms, found 1 plugins.
Preloading 0 native plugins for Editor in 0.00 ms.
Initialize engine version: 2020.3.0f1 (c7b5465681fb)
[Subsystems] Discovering subsystems at path /Applications/2020.3.0f1/Unity.app/Contents/Resources/UnitySubsystems
[Subsystems] Discovering subsystems at path /Users/elfo/LocalDocuments/ENSIIE/COON/real-fruit-ninja/Real_Fruit_Ninja/Assets
GfxDevice: creating device client; threaded=0
2021-03-25 09:02:04.295 Unity[10565:643443] Color LCD preferred device: AMD Radeon Pro 5500M (high power)
2021-03-25 09:02:04.295 Unity[10565:643443] Metal devices available: 2
2021-03-25 09:02:04.295 Unity[10565:643443] 0: AMD Radeon Pro 5500M (high power)
2021-03-25 09:02:04.295 Unity[10565:643443] 1: Intel(R) UHD Graphics 630 (low power)
2021-03-25 09:02:04.295 Unity[10565:643443] Using device AMD Radeon Pro 5500M (high power)
Initializing Metal device caps: AMD Radeon Pro 5500M
Initialize mono
Mono path[0] = '/Applications/2020.3.0f1/Unity.app/Contents/Managed'
Mono path[1] = '/Applications/2020.3.0f1/Unity.app/Contents/MonoBleedingEdge/lib/mono/unityjit'
Mono config path = '/Applications/2020.3.0f1/Unity.app/Contents/MonoBleedingEdge/etc'
Using monoOptions --debugger-agent=transport=dt_socket,embedding=1,server=y,suspend=n,address=127.0.0.1:56565
Begin MonoManager ReloadAssembly
Registering precompiled unity dll's ...
Register platform support module: /Applications/2020.3.0f1/Unity.app/Contents/PlaybackEngines/MacStandaloneSupport/UnityEditor.OSXStandalone.Extensions.dll
Registered in 0.000415 seconds.
Native extension for OSXStandalone target not found
Refreshing native plugins compatible for Editor in 18.09 ms, found 1 plugins.
Preloading 0 native plugins for Editor in 0.00 ms.
Invoked RoslynAnalysisRunner static constructor.
RoslynAnalysisRunner will not be running.
RoslynAnalysisRunner has terminated.
Mono: successfully reloaded assembly
- Completed reload, in  1.521 seconds
Platform modules already initialized, skipping
Registering precompiled user dll's ...
Registered in 0.000254 seconds.
Begin MonoManager ReloadAssembly
Native extension for OSXStandalone target not found
Refreshing native plugins compatible for Editor in 0.18 ms, found 1 plugins.
Preloading 0 native plugins for Editor in 0.00 ms.
Invoked RoslynAnalysisRunner static constructor.
RoslynAnalysisRunner will not be running.
RoslynAnalysisRunner has terminated.
Mono: successfully reloaded assembly
- Completed reload, in  0.795 seconds
Platform modules already initialized, skipping
========================================================================
Worker process is ready to serve import requests
Launching external process: /Applications/2020.3.0f1/Unity.app/Contents/Tools/UnityShaderCompiler
Launched and connected shader compiler UnityShaderCompiler after 0.01 seconds
Refreshing native plugins compatible for Editor in 0.18 ms, found 1 plugins.
Preloading 0 native plugins for Editor in 0.00 ms.
Unloading 1113 Unused Serialized files (Serialized files now loaded: 0)
System memory in use before: 108.7 MB.
System memory in use after: 108.8 MB.

Unloading 10 unused Assets to reduce memory usage. Loaded Objects now: 1555.
Total: 2.348908 ms (FindLiveObjects: 0.198358 ms CreateObjectMapping: 0.075467 ms MarkObjects: 1.986994 ms  DeleteObjects: 0.086649 ms)

========================================================================
Received Import Request.
  path: Assets/Scripts
  artifactKey: Guid(f6080151ead4e4936add502aa1224f4b) Importer(815301076,1909f56bfc062723c751e8b465ee728b)
Start importing Assets/Scripts using Guid(f6080151ead4e4936add502aa1224f4b) Importer(815301076,1909f56bfc062723c751e8b465ee728b)  -> (artifact id: 'ed35d89cdae3965d02a93d65813f743a') in 0.005604 seconds
  Import took 0.008224 seconds .

========================================================================
Received Import Request.
  Time since last request: 5.057472 seconds.
  path: Assets/Prefabs
  artifactKey: Guid(8917705bad7b04ae487282382f2693e5) Importer(815301076,1909f56bfc062723c751e8b465ee728b)
Start importing Assets/Prefabs using Guid(8917705bad7b04ae487282382f2693e5) Importer(815301076,1909f56bfc062723c751e8b465ee728b)  -> (artifact id: '4b3b2e6cb9675cd1322b5b751aae1001') in 0.001316 seconds
  Import took 0.003760 seconds .

========================================================================
Received Import Request.
  Time since last request: 128.550547 seconds.
  path: Assets/Prefabs/Elfo
  artifactKey: Guid(e38292aa4e9594c6ebc925054c369b2a) Importer(815301076,1909f56bfc062723c751e8b465ee728b)
Start importing Assets/Prefabs/Elfo using Guid(e38292aa4e9594c6ebc925054c369b2a) Importer(815301076,1909f56bfc062723c751e8b465ee728b)  -> (artifact id: '24a3b1a5aa3232fafb49b15dfab66077') in 0.001300 seconds
  Import took 0.003096 seconds .

========================================================================
Received Import Request.
  Time since last request: 6.270254 seconds.
  path: Assets/Scenes
  artifactKey: Guid(9575076c8416044539e3428cf751a3c8) Importer(815301076,1909f56bfc062723c751e8b465ee728b)
Start importing Assets/Scenes using Guid(9575076c8416044539e3428cf751a3c8) Importer(815301076,1909f56bfc062723c751e8b465ee728b)  -> (artifact id: '6149a8f7c6f7161ca37188a32ca59940') in 0.001044 seconds
  Import took 0.002969 seconds .

========================================================================
Received Import Request.
  Time since last request: 5.700497 seconds.
  path: Assets/Scenes/Elfo
  artifactKey: Guid(1132dce2f225248deb555b1cd5211d9c) Importer(815301076,1909f56bfc062723c751e8b465ee728b)
Start importing Assets/Scenes/Elfo using Guid(1132dce2f225248deb555b1cd5211d9c) Importer(815301076,1909f56bfc062723c751e8b465ee728b)  -> (artifact id: 'ba9a8062dd80fef9e2090d0b882b72b3') in 0.001335 seconds
  Import took 0.003235 seconds .

========================================================================
Received Import Request.
  Time since last request: 2079.999546 seconds.
  path: Assets/Ressources
  artifactKey: Guid(d1890cd68dbc649769b8bfe4ea27cb12) Importer(815301076,1909f56bfc062723c751e8b465ee728b)
Start importing Assets/Ressources using Guid(d1890cd68dbc649769b8bfe4ea27cb12) Importer(815301076,1909f56bfc062723c751e8b465ee728b)  -> (artifact id: '928b068e447046be24643c744b6c4b3e') in 0.002040 seconds
  Import took 0.003847 seconds .

========================================================================
Received Import Request.
  Time since last request: 113.611348 seconds.
  path: Assets/Ressources/Sprites
  artifactKey: Guid(1136dad8855cd4afa90622df327c98bf) Importer(815301076,1909f56bfc062723c751e8b465ee728b)
Start importing Assets/Ressources/Sprites using Guid(1136dad8855cd4afa90622df327c98bf) Importer(815301076,1909f56bfc062723c751e8b465ee728b)  -> (artifact id: '2166e8ced692d7e30c21d9bcbf4b8355') in 0.001964 seconds
  Import took 0.003742 seconds .

